[2025-07-27 07:52:03] ERROR: Error checking bitcoin for shreyanayakb.261104@gmail.com:
[2025-07-27 07:52:03] ERROR: Error checking bitcoin for shreyanayakb26@gmail.com:
[2025-07-27 07:56:00] ERROR: Error checking bitcoin for shreyanayakb.261104@gmail.com:
[2025-07-27 07:56:01] ERROR: Error checking bitcoin for shreyanayakb26@gmail.com:
[2025-07-27 07:58:00] ERROR: Error checking bitcoin for shreyanayakb.261104@gmail.com:
[2025-07-27 07:58:00] ERROR: Error checking bitcoin for shreyanayakb26@gmail.com:
[2025-07-27 08:00:01] ERROR: Error checking bitcoin for shreyanayakb.261104@gmail.com:
[2025-07-27 08:00:01] ERROR: Error checking bitcoin for shreyanayakb26@gmail.com:
[2025-07-27 08:02:00] ERROR: Error checking bitcoin for shreyanayakb.261104@gmail.com:
[2025-07-27 08:02:01] ERROR: Error checking bitcoin for shreyanayakb26@gmail.com:
[2025-07-27 08:04:00] ERROR: ❌ Error for bitcoin - shreyanayakb.261104@gmail.com
[2025-07-27 08:04:00] ERROR: → Error name: Error
[2025-07-27 08:04:00] ERROR: → Error message: self-signed certificate in certificate chain
[2025-07-27 08:04:00] ERROR: → Full error: Error: self-signed certificate in certificate chain
    at TLSSocket.onConnectSecure (node:_tls_wrap:1679:34)
    at TLSSocket.emit (node:events:518:28)
    at TLSSocket._finishInit (node:_tls_wrap:1078:8)
    at ssl.onhandshakedone (node:_tls_wrap:864:12)
[2025-07-27 08:04:01] ERROR: ❌ Error for bitcoin - shreyanayakb26@gmail.com
[2025-07-27 08:04:01] ERROR: → Error name: Error
[2025-07-27 08:04:01] ERROR: → Error message: self-signed certificate in certificate chain
[2025-07-27 08:04:01] ERROR: → Full error: Error: self-signed certificate in certificate chain
    at TLSSocket.onConnectSecure (node:_tls_wrap:1679:34)
    at TLSSocket.emit (node:events:518:28)
    at TLSSocket._finishInit (node:_tls_wrap:1078:8)
    at ssl.onhandshakedone (node:_tls_wrap:864:12)
[2025-07-27 08:24:00] ERROR: ❌ Error for bitcoin - shreyanayakb.261104@gmail.com
[2025-07-27 08:24:00] ERROR: → Error name: Error
[2025-07-27 08:24:00] ERROR: → Error message: self-signed certificate in certificate chain
[2025-07-27 08:24:00] ERROR: → Full error: Error: self-signed certificate in certificate chain
    at TLSSocket.onConnectSecure (node:_tls_wrap:1679:34)
    at TLSSocket.emit (node:events:518:28)
    at TLSSocket._finishInit (node:_tls_wrap:1078:8)
    at ssl.onhandshakedone (node:_tls_wrap:864:12)
[2025-07-27 08:24:01] ERROR: ❌ Error for bitcoin - shreyanayakb26@gmail.com
[2025-07-27 08:24:01] ERROR: → Error name: Error
[2025-07-27 08:24:01] ERROR: → Error message: self-signed certificate in certificate chain
[2025-07-27 08:24:01] ERROR: → Full error: Error: self-signed certificate in certificate chain
    at TLSSocket.onConnectSecure (node:_tls_wrap:1679:34)
    at TLSSocket.emit (node:events:518:28)
    at TLSSocket._finishInit (node:_tls_wrap:1078:8)
    at ssl.onhandshakedone (node:_tls_wrap:864:12)
[2025-07-27 08:26:01] ERROR: ❌ Error for bitcoin - shreyanayakb.261104@gmail.com
[2025-07-27 08:26:01] ERROR: → Error name: Error
[2025-07-27 08:26:01] ERROR: → Error message: self-signed certificate in certificate chain
[2025-07-27 08:26:01] ERROR: → Full error: Error: self-signed certificate in certificate chain
    at TLSSocket.onConnectSecure (node:_tls_wrap:1679:34)
    at TLSSocket.emit (node:events:518:28)
    at TLSSocket._finishInit (node:_tls_wrap:1078:8)
    at ssl.onhandshakedone (node:_tls_wrap:864:12)
[2025-07-27 08:26:01] ERROR: ❌ Error for bitcoin - shreyanayakb26@gmail.com
[2025-07-27 08:26:01] ERROR: → Error name: Error
[2025-07-27 08:26:01] ERROR: → Error message: self-signed certificate in certificate chain
[2025-07-27 08:26:01] ERROR: → Full error: Error: self-signed certificate in certificate chain
    at TLSSocket.onConnectSecure (node:_tls_wrap:1679:34)
    at TLSSocket.emit (node:events:518:28)
    at TLSSocket._finishInit (node:_tls_wrap:1078:8)
    at ssl.onhandshakedone (node:_tls_wrap:864:12)
[2025-07-27 08:28:00] ERROR: ❌ Error for bitcoin - shreyanayakb.261104@gmail.com
[2025-07-27 08:28:00] ERROR: → Error name: Error
[2025-07-27 08:28:00] ERROR: → Error message: self-signed certificate in certificate chain
[2025-07-27 08:28:00] ERROR: → Full error: Error: self-signed certificate in certificate chain
    at TLSSocket.onConnectSecure (node:_tls_wrap:1679:34)
    at TLSSocket.emit (node:events:518:28)
    at TLSSocket._finishInit (node:_tls_wrap:1078:8)
    at ssl.onhandshakedone (node:_tls_wrap:864:12)
[2025-07-27 08:28:01] ERROR: ❌ Error for bitcoin - shreyanayakb26@gmail.com
[2025-07-27 08:28:01] ERROR: → Error name: Error
[2025-07-27 08:28:01] ERROR: → Error message: self-signed certificate in certificate chain
[2025-07-27 08:28:01] ERROR: → Full error: Error: self-signed certificate in certificate chain
    at TLSSocket.onConnectSecure (node:_tls_wrap:1679:34)
    at TLSSocket.emit (node:events:518:28)
    at TLSSocket._finishInit (node:_tls_wrap:1078:8)
    at ssl.onhandshakedone (node:_tls_wrap:864:12)
[2025-07-27 09:02:00] ERROR: ❌ Error for bitcoin - shreyanayakb.261104@gmail.com
[2025-07-27 09:02:00] ERROR: → Error name: AggregateError
[2025-07-27 09:02:00] ERROR: → Error message: 
[2025-07-27 09:02:00] ERROR: → Full error: AggregateError [ECONNREFUSED]: 
    at internalConnectMultiple (node:net:1139:18)
    at afterConnectMultiple (node:net:1714:7)
[2025-07-27 09:02:01] ERROR: ❌ Error for bitcoin - shreyanayakb26@gmail.com
[2025-07-27 09:02:01] ERROR: → Error name: AggregateError
[2025-07-27 09:02:01] ERROR: → Error message: 
[2025-07-27 09:02:01] ERROR: → Full error: AggregateError [ECONNREFUSED]: 
    at internalConnectMultiple (node:net:1139:18)
    at afterConnectMultiple (node:net:1714:7)
[2025-07-27 09:04:01] ERROR: ❌ Error for bitcoin - shreyanayakb.261104@gmail.com
[2025-07-27 09:04:01] ERROR: → Error name: AggregateError
[2025-07-27 09:04:01] ERROR: → Error message: 
[2025-07-27 09:04:01] ERROR: → Full error: AggregateError [ECONNREFUSED]: 
    at internalConnectMultiple (node:net:1139:18)
    at afterConnectMultiple (node:net:1714:7)
[2025-07-27 09:04:01] ERROR: ❌ Error for bitcoin - shreyanayakb26@gmail.com
[2025-07-27 09:04:01] ERROR: → Error name: AggregateError
[2025-07-27 09:04:01] ERROR: → Error message: 
[2025-07-27 09:04:01] ERROR: → Full error: AggregateError [ECONNREFUSED]: 
    at internalConnectMultiple (node:net:1139:18)
    at afterConnectMultiple (node:net:1714:7)
